This is pdfTeX, Version 3.14159265-2.6-1.40.17 (TeX Live 2016/Debian) (preloaded format=pdflatex 2019.5.26)  22 JUL 2019 10:52
entering extended mode
 restricted \write18 enabled.
 %&-line parsing enabled.
**vouw.tex
(./vouw.tex
LaTeX2e <2017/01/01> patch level 3
Babel <3.9r> and hyphenation patterns for 32 language(s) loaded.
(./llncs.cls
Document Class: llncs 2017/09/04 v2.19 
 LaTeX document class for Lecture Notes in Computer Science
(/usr/share/texlive/texmf-dist/tex/latex/base/article.cls
Document Class: article 2014/09/29 v1.4h Standard LaTeX document class
(/usr/share/texlive/texmf-dist/tex/latex/base/size10.clo
File: size10.clo 2014/09/29 v1.4h Standard LaTeX file (size option)
)
\c@part=\count79
\c@section=\count80
\c@subsection=\count81
\c@subsubsection=\count82
\c@paragraph=\count83
\c@subparagraph=\count84
\c@figure=\count85
\c@table=\count86
\abovecaptionskip=\skip41
\belowcaptionskip=\skip42
\bibindent=\dimen102
)
(/usr/share/texlive/texmf-dist/tex/latex/tools/multicol.sty
Package: multicol 2016/04/07 v1.8p multicolumn formatting (FMi)
\c@tracingmulticols=\count87
\mult@box=\box26
\multicol@leftmargin=\dimen103
\c@unbalance=\count88
\c@collectmore=\count89
\doublecol@number=\count90
\multicoltolerance=\count91
\multicolpretolerance=\count92
\full@width=\dimen104
\page@free=\dimen105
\premulticols=\dimen106
\postmulticols=\dimen107
\multicolsep=\skip43
\multicolbaselineskip=\skip44
\partial@page=\box27
\last@line=\box28
\maxbalancingoverflow=\dimen108
\mult@rightbox=\box29
\mult@grightbox=\box30
\mult@gfirstbox=\box31
\mult@firstbox=\box32
\@tempa=\box33
\@tempa=\box34
\@tempa=\box35
\@tempa=\box36
\@tempa=\box37
\@tempa=\box38
\@tempa=\box39
\@tempa=\box40
\@tempa=\box41
\@tempa=\box42
\@tempa=\box43
\@tempa=\box44
\@tempa=\box45
\@tempa=\box46
\@tempa=\box47
\@tempa=\box48
\@tempa=\box49
\c@columnbadness=\count93
\c@finalcolumnbadness=\count94
\last@try=\dimen109
\multicolovershoot=\dimen110
\multicolundershoot=\dimen111
\mult@nat@firstbox=\box50
\colbreak@box=\box51
\mc@col@check@num=\count95
)
(/usr/share/texlive/texmf-dist/tex/latex/oberdiek/aliascnt.sty
Package: aliascnt 2016/05/16 v1.4 Alias counters (HO)

(/usr/share/texlive/texmf-dist/tex/latex/carlisle/remreset.sty))
\c@chapter=\count96
LaTeX Font Info:    Redeclaring math symbol \Gamma on input line 362.
LaTeX Font Info:    Redeclaring math symbol \Delta on input line 363.
LaTeX Font Info:    Redeclaring math symbol \Theta on input line 364.
LaTeX Font Info:    Redeclaring math symbol \Lambda on input line 365.
LaTeX Font Info:    Redeclaring math symbol \Xi on input line 366.
LaTeX Font Info:    Redeclaring math symbol \Pi on input line 367.
LaTeX Font Info:    Redeclaring math symbol \Sigma on input line 368.
LaTeX Font Info:    Redeclaring math symbol \Upsilon on input line 369.
LaTeX Font Info:    Redeclaring math symbol \Phi on input line 370.
LaTeX Font Info:    Redeclaring math symbol \Psi on input line 371.
LaTeX Font Info:    Redeclaring math symbol \Omega on input line 372.
\tocchpnum=\dimen112
\tocsecnum=\dimen113
\tocsectotal=\dimen114
\tocsubsecnum=\dimen115
\tocsubsectotal=\dimen116
\tocsubsubsecnum=\dimen117
\tocsubsubsectotal=\dimen118
\tocparanum=\dimen119
\tocparatotal=\dimen120
\tocsubparanum=\dimen121
\@tempcntc=\count97
\fnindent=\dimen122
\c@@inst=\count98
\c@@auth=\count99
\c@auco=\count100
\instindent=\dimen123
\authrun=\box52
\authorrunning=\toks14
\tocauthor=\toks15
\titrun=\box53
\titlerunning=\toks16
\toctitle=\toks17
\c@theorem=\count101
\c@case=\count102
\c@conjecture=\count103
\c@corollary=\count104
\c@definition=\count105
\c@example=\count106
\c@exercise=\count107
\c@lemma=\count108
\c@note=\count109
\c@problem=\count110
\c@property=\count111
\c@proposition=\count112
\c@question=\count113
\c@solution=\count114
\c@remark=\count115
\headlineindent=\dimen124
)
(./llncsdoc.sty) (/usr/share/texlive/texmf-dist/tex/latex/amsmath/amsmath.sty
Package: amsmath 2016/11/05 v2.16a AMS math features
\@mathmargin=\skip45

For additional information on amsmath, use the `?' option.
(/usr/share/texlive/texmf-dist/tex/latex/amsmath/amstext.sty
Package: amstext 2000/06/29 v2.01 AMS text

(/usr/share/texlive/texmf-dist/tex/latex/amsmath/amsgen.sty
File: amsgen.sty 1999/11/30 v2.0 generic functions
\@emptytoks=\toks18
\ex@=\dimen125
))
(/usr/share/texlive/texmf-dist/tex/latex/amsmath/amsbsy.sty
Package: amsbsy 1999/11/29 v1.2d Bold Symbols
\pmbraise@=\dimen126
)
(/usr/share/texlive/texmf-dist/tex/latex/amsmath/amsopn.sty
Package: amsopn 2016/03/08 v2.02 operator names
)
\inf@bad=\count116
LaTeX Info: Redefining \frac on input line 213.
\uproot@=\count117
\leftroot@=\count118
LaTeX Info: Redefining \overline on input line 375.
\classnum@=\count119
\DOTSCASE@=\count120
LaTeX Info: Redefining \ldots on input line 472.
LaTeX Info: Redefining \dots on input line 475.
LaTeX Info: Redefining \cdots on input line 596.
\Mathstrutbox@=\box54
\strutbox@=\box55
\big@size=\dimen127
LaTeX Font Info:    Redeclaring font encoding OML on input line 712.
LaTeX Font Info:    Redeclaring font encoding OMS on input line 713.


Package amsmath Warning: Unable to redefine math accent \vec.

\macc@depth=\count121
\c@MaxMatrixCols=\count122
\dotsspace@=\muskip10
\c@parentequation=\count123
\dspbrk@lvl=\count124
\tag@help=\toks19
\row@=\count125
\column@=\count126
\maxfields@=\count127
\andhelp@=\toks20
\eqnshift@=\dimen128
\alignsep@=\dimen129
\tagshift@=\dimen130
\tagwidth@=\dimen131
\totwidth@=\dimen132
\lineht@=\dimen133
\@envbody=\toks21
\multlinegap=\skip46
\multlinetaggap=\skip47
\mathdisplay@stack=\toks22
LaTeX Info: Redefining \[ on input line 2817.
LaTeX Info: Redefining \] on input line 2818.
) (./algpseudocode.sty
Package: algpseudocode 
 (/usr/share/texlive/texmf-dist/tex/latex/base/ifthen.sty
Package: ifthen 2014/09/29 v1.1c Standard LaTeX ifthen package (DPC)
) (./algorithmicx.sty
Package: algorithmicx 2005/04/27 v1.2 Algorithmicx

Document Style algorithmicx 1.2 - a greatly improved `algorithmic' style
\c@ALG@line=\count128
\c@ALG@rem=\count129
\c@ALG@nested=\count130
\ALG@tlm=\skip48
\ALG@thistlm=\skip49
\c@ALG@Lnr=\count131
\c@ALG@blocknr=\count132
\c@ALG@storecount=\count133
\c@ALG@tmpcounter=\count134
\ALG@tmplength=\skip50
)
Document Style - pseudocode environments for use with the `algorithmicx' style
) (/usr/share/texlive/texmf-dist/tex/latex/algorithms/algorithm.sty
Package: algorithm 2009/08/24 v0.1 Document Style `algorithm' - floating enviro
nment

(/usr/share/texlive/texmf-dist/tex/latex/float/float.sty
Package: float 2001/11/08 v1.3d Float enhancements (AL)
\c@float@type=\count135
\float@exts=\toks23
\float@box=\box56
\@float@everytoks=\toks24
\@floatcapt=\box57
)
\@float@every@algorithm=\toks25
\c@algorithm=\count136
)
(/usr/share/texlive/texmf-dist/tex/latex/graphics/color.sty
Package: color 2016/07/10 v1.1e Standard LaTeX Color (DPC)

(/usr/share/texlive/texmf-dist/tex/latex/graphics-cfg/color.cfg
File: color.cfg 2016/01/02 v1.6 sample color configuration
)
Package color Info: Driver file: pdftex.def on input line 147.

(/usr/share/texlive/texmf-dist/tex/latex/graphics-def/pdftex.def
File: pdftex.def 2017/01/12 v0.06k Graphics/color for pdfTeX

(/usr/share/texlive/texmf-dist/tex/generic/oberdiek/infwarerr.sty
Package: infwarerr 2016/05/16 v1.4 Providing info/warning/error messages (HO)
)
(/usr/share/texlive/texmf-dist/tex/generic/oberdiek/ltxcmds.sty
Package: ltxcmds 2016/05/16 v1.23 LaTeX kernel commands for general use (HO)
)
\Gread@gobject=\count137
))
(/usr/share/texlive/texmf-dist/tex/latex/gnuplottex/gnuplottex.sty
Package: gnuplottex 2016/08/21 v0.9.2 gnuplot graphs in LaTeX

(/usr/share/texlive/texmf-dist/tex/latex/graphics/graphicx.sty
Package: graphicx 2014/10/28 v1.0g Enhanced LaTeX Graphics (DPC,SPQR)

(/usr/share/texlive/texmf-dist/tex/latex/graphics/keyval.sty
Package: keyval 2014/10/28 v1.15 key=value parser (DPC)
\KV@toks@=\toks26
)
(/usr/share/texlive/texmf-dist/tex/latex/graphics/graphics.sty
Package: graphics 2016/10/09 v1.0u Standard LaTeX Graphics (DPC,SPQR)

(/usr/share/texlive/texmf-dist/tex/latex/graphics/trig.sty
Package: trig 2016/01/03 v1.10 sin cos tan (DPC)
)
(/usr/share/texlive/texmf-dist/tex/latex/graphics-cfg/graphics.cfg
File: graphics.cfg 2016/06/04 v1.11 sample graphics configuration
)
Package graphics Info: Driver file: pdftex.def on input line 99.
)
\Gin@req@height=\dimen134
\Gin@req@width=\dimen135
)
(/usr/share/texlive/texmf-dist/tex/latex/moreverb/moreverb.sty
Package: moreverb 2008/06/03 v2.3a `more' verbatim facilities

(/usr/share/texlive/texmf-dist/tex/latex/tools/verbatim.sty
Package: verbatim 2014/10/28 v1.5q LaTeX2e package for verbatim enhancements
\every@verbatim=\toks27
\verbatim@line=\toks28
\verbatim@in@stream=\read1
)
\tab@position=\count138
\tab@size=\count139
\listing@line=\count140
)
(/usr/share/texlive/texmf-dist/tex/generic/oberdiek/catchfile.sty
Package: catchfile 2016/05/16 v1.7 Catch the contents of a file (HO)

(/usr/share/texlive/texmf-dist/tex/generic/oberdiek/etexcmds.sty
Package: etexcmds 2016/05/16 v1.6 Avoid name clashes with e-TeX commands (HO)

(/usr/share/texlive/texmf-dist/tex/generic/oberdiek/ifluatex.sty
Package: ifluatex 2016/05/16 v1.4 Provides the ifluatex switch (HO)
Package ifluatex Info: LuaTeX not detected.
)
Package etexcmds Info: Could not find \expanded.
(etexcmds)             That can mean that you are not using pdfTeX 1.50 or
(etexcmds)             that some package has redefined \expanded.
(etexcmds)             In the latter case, load this package earlier.
))
\verbatim@out=\write3
runsystem(touch w18-test-2019722652.tex)...disabled (restricted).

runsystem(rm -f w18-test-2019722652.tex)...disabled (restricted).

runsystem(rm -f "vouw.gnuploterrors")...disabled (restricted).



Package gnuplottex Warning: Shell escape not enabled.
(gnuplottex)                You'll need to convert the graphs yourself..

\c@fignum=\count141
) (/usr/share/texlive/texmf-dist/tex/latex/caption/subcaption.sty
Package: subcaption 2016/05/22 v1.1-161 Sub-captions (AR)

(/usr/share/texlive/texmf-dist/tex/latex/caption/caption.sty
Package: caption 2016/02/21 v3.3-144 Customizing captions (AR)

(/usr/share/texlive/texmf-dist/tex/latex/caption/caption3.sty
Package: caption3 2016/05/22 v1.7-166 caption3 kernel (AR)
Package caption3 Info: TeX engine: e-TeX on input line 67.
\captionmargin=\dimen136
\captionmargin@=\dimen137
\captionwidth=\dimen138
\caption@tempdima=\dimen139
\caption@indent=\dimen140
\caption@parindent=\dimen141
\caption@hangindent=\dimen142
Package caption Info: Unknown document class (or package),
(caption)             standard defaults will be used.
)

Package caption Warning: Unsupported document class (or package) detected,
(caption)                usage of the caption package is not recommended.
See the caption package documentation for explanation.

Package caption Info: \@makecaption = \long macro:#1#2->\small \vskip \abovecap
tionskip \sbox \@tempboxa {{\bfseries #1.} #2}\ifdim \wd \@tempboxa >\hsize {\b
fseries #1.} #2\par \else \global \@minipagefalse \hb@xt@ \hsize {\hfil \box \@
tempboxa \hfil }\fi \vskip \belowcaptionskip .
\c@ContinuedFloat=\count142
Package caption Info: float package is loaded.
)
\c@subfigure=\count143
\c@subtable=\count144
)
No file vouw.aux.
\openout1 = `vouw.aux'.

LaTeX Font Info:    Checking defaults for OML/cmm/m/it on input line 21.
LaTeX Font Info:    ... okay on input line 21.
LaTeX Font Info:    Checking defaults for T1/cmr/m/n on input line 21.
LaTeX Font Info:    ... okay on input line 21.
LaTeX Font Info:    Checking defaults for OT1/cmr/m/n on input line 21.
LaTeX Font Info:    ... okay on input line 21.
LaTeX Font Info:    Checking defaults for OMS/cmsy/m/n on input line 21.
LaTeX Font Info:    ... okay on input line 21.
LaTeX Font Info:    Checking defaults for OMX/cmex/m/n on input line 21.
LaTeX Font Info:    ... okay on input line 21.
LaTeX Font Info:    Checking defaults for U/cmr/m/n on input line 21.
LaTeX Font Info:    ... okay on input line 21.
(/usr/share/texlive/texmf-dist/tex/context/base/mkii/supp-pdf.mkii
[Loading MPS to PDF converter (version 2006.09.02).]
\scratchcounter=\count145
\scratchdimen=\dimen143
\scratchbox=\box58
\nofMPsegments=\count146
\nofMParguments=\count147
\everyMPshowfont=\toks29
\MPscratchCnt=\count148
\MPscratchDim=\dimen144
\MPnumerator=\count149
\makeMPintoPDFobject=\count150
\everyMPtoPDFconversion=\toks30
) (/usr/share/texlive/texmf-dist/tex/generic/oberdiek/pdftexcmds.sty
Package: pdftexcmds 2016/05/21 v0.22 Utility functions of pdfTeX for LuaTeX (HO
)

(/usr/share/texlive/texmf-dist/tex/generic/oberdiek/ifpdf.sty
Package: ifpdf 2016/05/14 v3.1 Provides the ifpdf switch
)
Package pdftexcmds Info: LuaTeX not detected.
Package pdftexcmds Info: \pdf@primitive is available.
Package pdftexcmds Info: \pdf@ifprimitive is available.
Package pdftexcmds Info: \pdfdraftmode found.
)
(/usr/share/texlive/texmf-dist/tex/latex/oberdiek/epstopdf-base.sty
Package: epstopdf-base 2016/05/15 v2.6 Base part for package epstopdf

(/usr/share/texlive/texmf-dist/tex/latex/oberdiek/grfext.sty
Package: grfext 2016/05/16 v1.2 Manage graphics extensions (HO)

(/usr/share/texlive/texmf-dist/tex/generic/oberdiek/kvdefinekeys.sty
Package: kvdefinekeys 2016/05/16 v1.4 Define keys (HO)
))
(/usr/share/texlive/texmf-dist/tex/latex/oberdiek/kvoptions.sty
Package: kvoptions 2016/05/16 v3.12 Key value format for package options (HO)

(/usr/share/texlive/texmf-dist/tex/generic/oberdiek/kvsetkeys.sty
Package: kvsetkeys 2016/05/16 v1.17 Key value parser (HO)
))
Package epstopdf-base Info: Redefining graphics rule for `.eps' on input line 4
38.
Package grfext Info: Graphics extension search list:
(grfext)             [.png,.pdf,.jpg,.mps,.jpeg,.jbig2,.jb2,.PNG,.PDF,.JPG,.JPE
G,.JBIG2,.JB2,.eps]
(grfext)             \AppendGraphicsExtensions on input line 456.

(/usr/share/texlive/texmf-dist/tex/latex/latexconfig/epstopdf-sys.cfg
File: epstopdf-sys.cfg 2010/07/13 v1.3 Configuration of (r)epstopdf for TeX Liv
e
))
Package caption Info: Begin \AtBeginDocument code.
Package caption Info: Incompatible package detected (regarding \@caption).
(caption)             \@caption = \long macro:#1[#2]#3->\par \addcontentsline {
\csname ext@#1\endcsname }{#1}{\protect \numberline {\csname the#1\endcsname }{
\ignorespaces #2}}\begingroup \@parboxrestore \@makecaption {\csname fnum@#1\en
dcsname }{\ignorespaces #3}\par \endgroup .


Package caption Warning: Forced redefinition of \caption since the
(caption)                unsupported(!) package option `compatibility=false'
(caption)                was given.
See the caption package documentation for explanation.

Package caption Info: End \AtBeginDocument code.

LaTeX Warning: Citation `neumann' on page 1 undefined on input line 34.


LaTeX Warning: Citation `life' on page 1 undefined on input line 34.


LaTeX Warning: Citation `elemca' on page 1 undefined on input line 34.


LaTeX Warning: Citation `cook' on page 1 undefined on input line 34.

[1

{/var/lib/texmf/fonts/map/pdftex/updmap/pdftex.map}]

LaTeX Warning: Citation `elemca' on page 2 undefined on input line 44.


LaTeX Warning: Citation `rfexplore' on page 2 undefined on input line 54.


LaTeX Warning: Citation `elemca' on page 2 undefined on input line 57.


LaTeX Warning: Citation `cook' on page 2 undefined on input line 57.


Underfull \vbox (badness 1418) has occurred while \output is active []

 [2]

LaTeX Warning: Citation `elemca' on page 3 undefined on input line 60.


LaTeX Warning: Citation `mdl' on page 3 undefined on input line 65.


LaTeX Warning: Citation `kolmogorov' on page 3 undefined on input line 65.


LaTeX Warning: Citation `chaitin' on page 3 undefined on input line 65.

[3] [4]

LaTeX Warning: Reference `encoding' on page 5 undefined on input line 83.


LaTeX Warning: Citation `krimp' on page 5 undefined on input line 86.


LaTeX Warning: Citation `slim' on page 5 undefined on input line 86.


LaTeX Warning: Citation `tatti' on page 5 undefined on input line 88.


LaTeX Warning: Citation `leeuwen' on page 5 undefined on input line 88.


LaTeX Warning: Citation `prakash' on page 5 undefined on input line 89.


LaTeX Warning: Citation `shannon' on page 5 undefined on input line 100.

[5]
Overfull \hbox (13.76595pt too wide) in paragraph at lines 119--119
[] 
 []

[6]

LaTeX Warning: Reference `encodestep' on page 7 undefined on input line 145.

[7]

LaTeX Warning: Reference `encodestep' on page 8 undefined on input line 214.


LaTeX Warning: Reference `mergepatterns' on page 8 undefined on input line 214.


[8]

LaTeX Warning: Citation `krimp' on page 9 undefined on input line 216.


LaTeX Warning: Citation `slim' on page 9 undefined on input line 216.

[9]

LaTeX Warning: Reference `fig:results1' on page 10 undefined on input line 224.



LaTeX Warning: Reference `fig:results2' on page 10 undefined on input line 226.



LaTeX Warning: Reference `figure:cluster' on page 10 undefined on input line 22
8.

\openout3 = `vouw-gnuplottex-fig1.gnuplot'.

Opening gnuplot stream vouw-gnuplottex-fig1.gnuplot
<vouw-gnuplottex-fig1.pdf, id=52, 361.35pt x 216.81pt>
File: vouw-gnuplottex-fig1.pdf Graphic file (type pdf)

<use vouw-gnuplottex-fig1.pdf>
Package pdftex.def Info: vouw-gnuplottex-fig1.pdf used on input line 240.
(pdftex.def)             Requested size: 361.34912pt x 216.80946pt.

Overfull \hbox (14.22559pt too wide) in paragraph at lines 240--241
 [][] 
 []

\openout3 = `vouw-gnuplottex-fig2.gnuplot'.

Opening gnuplot stream vouw-gnuplottex-fig2.gnuplot
<vouw-gnuplottex-fig2.pdf, id=53, 361.35pt x 216.81pt>
File: vouw-gnuplottex-fig2.pdf Graphic file (type pdf)

<use vouw-gnuplottex-fig2.pdf>
Package pdftex.def Info: vouw-gnuplottex-fig2.pdf used on input line 251.
(pdftex.def)             Requested size: 361.34912pt x 216.80946pt.

Overfull \hbox (14.22559pt too wide) in paragraph at lines 251--252
 [][] 
 []

\openout3 = `vouw-gnuplottex-fig3.gnuplot'.

Opening gnuplot stream vouw-gnuplottex-fig3.gnuplot
<vouw-gnuplottex-fig3.pdf, id=54, 361.35pt x 216.81pt>
File: vouw-gnuplottex-fig3.pdf Graphic file (type pdf)

<use vouw-gnuplottex-fig3.pdf>
Package pdftex.def Info: vouw-gnuplottex-fig3.pdf used on input line 269.
(pdftex.def)             Requested size: 361.34912pt x 216.80946pt.

Overfull \hbox (14.22559pt too wide) in paragraph at lines 269--270
 [][] 
 []

\openout3 = `vouw-gnuplottex-fig4.gnuplot'.

Opening gnuplot stream vouw-gnuplottex-fig4.gnuplot
<vouw-gnuplottex-fig4.pdf, id=55, 361.35pt x 216.81pt>
File: vouw-gnuplottex-fig4.pdf Graphic file (type pdf)

<use vouw-gnuplottex-fig4.pdf>
Package pdftex.def Info: vouw-gnuplottex-fig4.pdf used on input line 280.
(pdftex.def)             Requested size: 361.34912pt x 216.80946pt.

Overfull \hbox (14.22559pt too wide) in paragraph at lines 280--281
 [][] 
 []

<cluster-2-2.png, id=56, 638.385pt x 510.90875pt>
File: cluster-2-2.png Graphic file (type png)
 <use cluster-2-2.png>
Package pdftex.def Info: cluster-2-2.png used on input line 289.
(pdftex.def)             Requested size: 319.19171pt x 255.45375pt.

[10] [11 <./vouw-gnuplottex-fig1.pdf> <./vouw-gnuplottex-fig2.pdf

pdfTeX warning: pdflatex (file ./vouw-gnuplottex-fig2.pdf): PDF inclusion: mult
iple pdfs with page group included in a single page
>] [12 <./vouw-gnuplottex-fig3.pdf> <./vouw-gnuplottex-fig4.pdf

pdfTeX warning: pdflatex (file ./vouw-gnuplottex-fig4.pdf): PDF inclusion: mult
iple pdfs with page group included in a single page
>] [13 <./cluster-2-2.png>]
Missing character: There is no ‚ in font cmr9!
Missing character: There is no Ä in font cmr9!
Missing character: There is no ì in font cmr9!
Missing character: There is no ‚ in font cmr9!
Missing character: There is no Ä in font cmr9!
Missing character: There is no ì in font cmr9!
Missing character: There is no ƒ in font cmr9!
Missing character: There is no Å in font cmr9!
Missing character: There is no ‚ in font cmr9!
Missing character: There is no Ä in font cmr9!
Missing character: There is no ì in font cmr9!
Missing character: There is no ‚ in font cmr9!
Missing character: There is no Ä in font cmr9!
Missing character: There is no ì in font cmr9!
 [14] (./vouw.aux)

LaTeX Warning: There were undefined references.


LaTeX Warning: Label(s) may have changed. Rerun to get cross-references right.

 ) 
Here is how much of TeX's memory you used:
 4556 strings out of 494317
 67097 string characters out of 6163512
 148182 words of memory out of 5000000
 7813 multiletter control sequences out of 15000+600000
 10152 words of font info for 37 fonts, out of 8000000 for 9000
 372 hyphenation exceptions out of 8191
 42i,12n,40p,980b,469s stack positions out of 5000i,500n,10000p,200000b,80000s
</usr/share/texlive/texmf-dist/fonts/type1/public/amsfonts/cm/cmbx10.pfb></us
r/share/texlive/texmf-dist/fonts/type1/public/amsfonts/cm/cmbx12.pfb></usr/shar
e/texlive/texmf-dist/fonts/type1/public/amsfonts/cm/cmbx9.pfb></usr/share/texli
ve/texmf-dist/fonts/type1/public/amsfonts/cm/cmex10.pfb></usr/share/texlive/tex
mf-dist/fonts/type1/public/amsfonts/cm/cmmi10.pfb></usr/share/texlive/texmf-dis
t/fonts/type1/public/amsfonts/cm/cmmi5.pfb></usr/share/texlive/texmf-dist/fonts
/type1/public/amsfonts/cm/cmmi6.pfb></usr/share/texlive/texmf-dist/fonts/type1/
public/amsfonts/cm/cmmi7.pfb></usr/share/texlive/texmf-dist/fonts/type1/public/
amsfonts/cm/cmmi9.pfb></usr/share/texlive/texmf-dist/fonts/type1/public/amsfont
s/cm/cmr10.pfb></usr/share/texlive/texmf-dist/fonts/type1/public/amsfonts/cm/cm
r6.pfb></usr/share/texlive/texmf-dist/fonts/type1/public/amsfonts/cm/cmr7.pfb><
/usr/share/texlive/texmf-dist/fonts/type1/public/amsfonts/cm/cmr9.pfb></usr/sha
re/texlive/texmf-dist/fonts/type1/public/amsfonts/cm/cmsy10.pfb></usr/share/tex
live/texmf-dist/fonts/type1/public/amsfonts/cm/cmsy5.pfb></usr/share/texlive/te
xmf-dist/fonts/type1/public/amsfonts/cm/cmsy6.pfb></usr/share/texlive/texmf-dis
t/fonts/type1/public/amsfonts/cm/cmsy7.pfb></usr/share/texlive/texmf-dist/fonts
/type1/public/amsfonts/cm/cmsy9.pfb></usr/share/texlive/texmf-dist/fonts/type1/
public/amsfonts/cm/cmti10.pfb></usr/share/texlive/texmf-dist/fonts/type1/public
/amsfonts/cm/cmti9.pfb></usr/share/texlive/texmf-dist/fonts/type1/public/amsfon
ts/cm/cmtt10.pfb></usr/share/texlive/texmf-dist/fonts/type1/public/amsfonts/cm/
cmtt9.pfb>
Output written on vouw.pdf (14 pages, 444115 bytes).
PDF statistics:
 180 PDF objects out of 1000 (max. 8388607)
 124 compressed objects within 2 object streams
 0 named destinations out of 1000 (max. 500000)
 26 words of extra memory for PDF output out of 10000 (max. 10000000)

